# JRE version: Java(TM) SE Runtime Environment (8.0_101-b13) (build 1.8.0_101-b13)
# Java VM: Java HotSpot(TM) 64-Bit Server VM (25.101-b13 mixed mode bsd-amd64 compressed oops)
Heap:
 PSYoungGen      total 866816K, used 767017K [0x000000076ab00000, 0x00000007a1180000, 0x00000007c0000000)
  eden space 843776K, 90% used [0x000000076ab00000,0x000000079980a628,0x000000079e300000)
  from space 23040K, 0% used [0x000000079fa00000,0x000000079fa00000,0x00000007a1080000)
  to   space 23552K, 0% used [0x000000079e300000,0x000000079e300000,0x000000079fa00000)
 ParOldGen       total 189952K, used 40021K [0x00000006c0000000, 0x00000006cb980000, 0x000000076ab00000)
  object space 189952K, 21% used [0x00000006c0000000,0x00000006c27154f8,0x00000006cb980000)
 Metaspace       used 59954K, capacity 61120K, committed 61336K, reserved 1101824K
  class space    used 7820K, capacity 8120K, committed 8192K, reserved 1048576K
GC Heap History (10 events):
Event: 180.169 GC heap before
{Heap before GC invocations=15 (full 3):
 PSYoungGen      total 523776K, used 138687K [0x000000076ab00000, 0x0000000795080000, 0x00000007c0000000)
  eden space 502272K, 27% used [0x000000076ab00000,0x000000077326fed8,0x0000000789580000)
  from space 21504K, 0% used [0x0000000789580000,0x0000000789580000,0x000000078aa80000)
  to   space 22528K, 0% used [0x0000000793a80000,0x0000000793a80000,0x0000000795080000)
 ParOldGen       total 189952K, used 45184K [0x00000006c0000000, 0x00000006cb980000, 0x000000076ab00000)
  object space 189952K, 23% used [0x00000006c0000000,0x00000006c2c20050,0x00000006cb980000)
 Metaspace       used 58154K, capacity 58848K, committed 59416K, reserved 1101824K
  class space    used 7614K, capacity 7807K, committed 7808K, reserved 1048576K
Event: 180.179 GC heap after
Heap after GC invocations=15 (full 3):
 PSYoungGen      total 670208K, used 224K [0x000000076ab00000, 0x0000000796800000, 0x00000007c0000000)
  eden space 647680K, 0% used [0x000000076ab00000,0x000000076ab00000,0x0000000792380000)
  from space 22528K, 0% used [0x0000000793a80000,0x0000000793ab8000,0x0000000795080000)
  to   space 23552K, 0% used [0x0000000792380000,0x0000000792380000,0x0000000793a80000)
 ParOldGen       total 189952K, used 45192K [0x00000006c0000000, 0x00000006cb980000, 0x000000076ab00000)
  object space 189952K, 23% used [0x00000006c0000000,0x00000006c2c22050,0x00000006cb980000)
 Metaspace       used 58154K, capacity 58848K, committed 59416K, reserved 1101824K
  class space    used 7614K, capacity 7807K, committed 7808K, reserved 1048576K
}
Event: 180.179 GC heap before
{Heap before GC invocations=16 (full 4):
 PSYoungGen      total 670208K, used 224K [0x000000076ab00000, 0x0000000796800000, 0x00000007c0000000)
  eden space 647680K, 0% used [0x000000076ab00000,0x000000076ab00000,0x0000000792380000)
  from space 22528K, 0% used [0x0000000793a80000,0x0000000793ab8000,0x0000000795080000)
  to   space 23552K, 0% used [0x0000000792380000,0x0000000792380000,0x0000000793a80000)
 ParOldGen       total 189952K, used 45192K [0x00000006c0000000, 0x00000006cb980000, 0x000000076ab00000)
  object space 189952K, 23% used [0x00000006c0000000,0x00000006c2c22050,0x00000006cb980000)
 Metaspace       used 58154K, capacity 58848K, committed 59416K, reserved 1101824K
  class space    used 7614K, capacity 7807K, committed 7808K, reserved 1048576K
Event: 180.597 GC heap after
Heap after GC invocations=16 (full 4):
 PSYoungGen      total 670208K, used 0K [0x000000076ab00000, 0x0000000796800000, 0x00000007c0000000)
  eden space 647680K, 0% used [0x000000076ab00000,0x000000076ab00000,0x0000000792380000)
  from space 22528K, 0% used [0x0000000793a80000,0x0000000793a80000,0x0000000795080000)
  to   space 23552K, 0% used [0x0000000792380000,0x0000000792380000,0x0000000793a80000)
 ParOldGen       total 189952K, used 35943K [0x00000006c0000000, 0x00000006cb980000, 0x000000076ab00000)
  object space 189952K, 18% used [0x00000006c0000000,0x00000006c2319fe0,0x00000006cb980000)
 Metaspace       used 58154K, capacity 58848K, committed 59416K, reserved 1101824K
  class space    used 7614K, capacity 7807K, committed 7808K, reserved 1048576K
}
Event: 184.360 GC heap before
{Heap before GC invocations=17 (full 4):
 PSYoungGen      total 670208K, used 647680K [0x000000076ab00000, 0x0000000796800000, 0x00000007c0000000)
  eden space 647680K, 100% used [0x000000076ab00000,0x0000000792380000,0x0000000792380000)
  from space 22528K, 0% used [0x0000000793a80000,0x0000000793a80000,0x0000000795080000)
  to   space 23552K, 0% used [0x0000000792380000,0x0000000792380000,0x0000000793a80000)
 ParOldGen       total 189952K, used 35943K [0x00000006c0000000, 0x00000006cb980000, 0x000000076ab00000)
  object space 189952K, 18% used [0x00000006c0000000,0x00000006c2319fe0,0x00000006cb980000)
 Metaspace       used 58807K, capacity 59712K, committed 60056K, reserved 1101824K
  class space    used 7697K, capacity 7923K, committed 7936K, reserved 1048576K
Event: 184.380 GC heap after
Heap after GC invocations=17 (full 4):
 PSYoungGen      total 671232K, used 13037K [0x000000076ab00000, 0x00000007a1080000, 0x00000007c0000000)
  eden space 647680K, 0% used [0x000000076ab00000,0x000000076ab00000,0x0000000792380000)
  from space 23552K, 55% used [0x0000000792380000,0x000000079303b5c0,0x0000000793a80000)
  to   space 23040K, 0% used [0x000000079fa00000,0x000000079fa00000,0x00000007a1080000)
 ParOldGen       total 189952K, used 35951K [0x00000006c0000000, 0x00000006cb980000, 0x000000076ab00000)
  object space 189952K, 18% used [0x00000006c0000000,0x00000006c231bfe0,0x00000006cb980000)
 Metaspace       used 58807K, capacity 59712K, committed 60056K, reserved 1101824K
  class space    used 7697K, capacity 7923K, committed 7936K, reserved 1048576K
}
Event: 198.035 GC heap before
{Heap before GC invocations=18 (full 4):
 PSYoungGen      total 671232K, used 165880K [0x000000076ab00000, 0x00000007a1080000, 0x00000007c0000000)
  eden space 647680K, 23% used [0x000000076ab00000,0x0000000774042d18,0x0000000792380000)
  from space 23552K, 55% used [0x0000000792380000,0x000000079303b5c0,0x0000000793a80000)
  to   space 23040K, 0% used [0x000000079fa00000,0x000000079fa00000,0x00000007a1080000)
 ParOldGen       total 189952K, used 35951K [0x00000006c0000000, 0x00000006cb980000, 0x000000076ab00000)
  object space 189952K, 18% used [0x00000006c0000000,0x00000006c231bfe0,0x00000006cb980000)
 Metaspace       used 59168K, capacity 60196K, committed 60440K, reserved 1101824K
  class space    used 7733K, capacity 7962K, committed 8064K, reserved 1048576K
Event: 198.047 GC heap after
Heap after GC invocations=18 (full 4):
 PSYoungGen      total 866816K, used 1680K [0x000000076ab00000, 0x00000007a1180000, 0x00000007c0000000)
  eden space 843776K, 0% used [0x000000076ab00000,0x000000076ab00000,0x000000079e300000)
  from space 23040K, 7% used [0x000000079fa00000,0x000000079fba4328,0x00000007a1080000)
  to   space 23552K, 0% used [0x000000079e300000,0x000000079e300000,0x000000079fa00000)
 ParOldGen       total 189952K, used 39812K [0x00000006c0000000, 0x00000006cb980000, 0x000000076ab00000)
  object space 189952K, 20% used [0x00000006c0000000,0x00000006c26e1398,0x00000006cb980000)
 Metaspace       used 59168K, capacity 60196K, committed 60440K, reserved 1101824K
  class space    used 7733K, capacity 7962K, committed 8064K, reserved 1048576K
}
Event: 198.047 GC heap before
{Heap before GC invocations=19 (full 5):
 PSYoungGen      total 866816K, used 1680K [0x000000076ab00000, 0x00000007a1180000, 0x00000007c0000000)
  eden space 843776K, 0% used [0x000000076ab00000,0x000000076ab00000,0x000000079e300000)
  from space 23040K, 7% used [0x000000079fa00000,0x000000079fba4328,0x00000007a1080000)
  to   space 23552K, 0% used [0x000000079e300000,0x000000079e300000,0x000000079fa00000)
 ParOldGen       total 189952K, used 39812K [0x00000006c0000000, 0x00000006cb980000, 0x000000076ab00000)
  object space 189952K, 20% used [0x00000006c0000000,0x00000006c26e1398,0x00000006cb980000)
 Metaspace       used 59168K, capacity 60196K, committed 60440K, reserved 1101824K
  class space    used 7733K, capacity 7962K, committed 8064K, reserved 1048576K
Event: 198.422 GC heap after
Heap after GC invocations=19 (full 5):
 PSYoungGen      total 866816K, used 0K [0x000000076ab00000, 0x00000007a1180000, 0x00000007c0000000)
  eden space 843776K, 0% used [0x000000076ab00000,0x000000076ab00000,0x000000079e300000)
  from space 23040K, 0% used [0x000000079fa00000,0x000000079fa00000,0x00000007a1080000)
  to   space 23552K, 0% used [0x000000079e300000,0x000000079e300000,0x000000079fa00000)
 ParOldGen       total 189952K, used 40021K [0x00000006c0000000, 0x00000006cb980000, 0x000000076ab00000)
  object space 189952K, 21% used [0x00000006c0000000,0x00000006c27154f8,0x00000006cb980000)
 Metaspace       used 59164K, capacity 60190K, committed 60440K, reserved 1101824K
  class space    used 7732K, capacity 7961K, committed 8064K, reserved 1048576K
}

